F:\WORKSPACE\PROJECTS\INVADERS\SOURCE\DEBUG\INVADERS.EXE
F:\WORKSPACE\PROJECTS\INVADERS\SOURCE\DEBUG\INVADERS.ILK
F:\WORKSPACE\PROJECTS\INVADERS\SOURCE\DEBUG\INVADERS.PDB
F:\WORKSPACE\PROJECTS\INVADERS\SOURCE\DEBUG\SDLEVENTS.EXE
F:\Workspace\projects\INVADERS\source\SDL_Tutorial\Debug\cl.command.1.tlog
F:\Workspace\projects\INVADERS\source\SDL_Tutorial\Debug\CL.read.1.tlog
F:\Workspace\projects\INVADERS\source\SDL_Tutorial\Debug\CL.write.1.tlog
F:\WORKSPACE\PROJECTS\INVADERS\SOURCE\SDL_TUTORIAL\DEBUG\COMMONTOOLS.OBJ
F:\WORKSPACE\PROJECTS\INVADERS\SOURCE\SDL_TUTORIAL\DEBUG\HELPMODE.OBJ
F:\WORKSPACE\PROJECTS\INVADERS\SOURCE\SDL_TUTORIAL\DEBUG\INVADERS.EXE.INTERMEDIATE.MANIFEST
F:\Workspace\projects\INVADERS\source\SDL_Tutorial\Debug\INVADERS.write.1.tlog
F:\WORKSPACE\PROJECTS\INVADERS\SOURCE\SDL_TUTORIAL\DEBUG\LEVEL.OBJ
F:\Workspace\projects\INVADERS\source\SDL_Tutorial\Debug\link.command.1.tlog
F:\Workspace\projects\INVADERS\source\SDL_Tutorial\Debug\link.read.1.tlog
F:\Workspace\projects\INVADERS\source\SDL_Tutorial\Debug\link.write.1.tlog
F:\Workspace\projects\INVADERS\source\SDL_Tutorial\Debug\mt.command.1.tlog
F:\Workspace\projects\INVADERS\source\SDL_Tutorial\Debug\mt.read.1.tlog
F:\Workspace\projects\INVADERS\source\SDL_Tutorial\Debug\mt.write.1.tlog
F:\WORKSPACE\PROJECTS\INVADERS\SOURCE\SDL_TUTORIAL\DEBUG\PROCESS.OBJ
F:\Workspace\projects\INVADERS\source\SDL_Tutorial\Debug\SDL_Tutorial.vcxprojResolveAssemblyReference.cache
F:\Workspace\projects\INVADERS\source\SDL_Tutorial\Debug\SDLEvents.exe.intermediate.manifest
F:\Workspace\projects\INVADERS\source\SDL_Tutorial\Debug\SDLEvents.write.1.tlog
F:\WORKSPACE\PROJECTS\INVADERS\SOURCE\SDL_TUTORIAL\DEBUG\SPRITE.OBJ
F:\Workspace\projects\INVADERS\source\SDL_Tutorial\Debug\vc100.idb
F:\WORKSPACE\PROJECTS\INVADERS\SOURCE\SDL_TUTORIAL\DEBUG\VC100.PDB
F:\WORKSPACE\PROJECTS\SDLEVENTS\SDLBASE\DEBUG\SDLEVENTS.EXE
F:\WORKSPACE\PROJECTS\SDLEVENTS\SDLBASE\DEBUG\SDLEVENTS.ILK
F:\WORKSPACE\PROJECTS\SDLEVENTS\SDLBASE\DEBUG\SDLEVENTS.PDB
F:\WORKSPACE\PROJECTS\SDLEVENTS\SDLBASE\SDL_TUTORIAL\DEBUG\INVADER.OBJ
F:\WORKSPACE\PROJECTS\SDLEVENTS\SDLBASE\SDL_TUTORIAL\DEBUG\PROCESS.OBJ
F:\WORKSPACE\PROJECTS\SDLEVENTS\SDLBASE\SDL_TUTORIAL\DEBUG\SDLEVENTS.EXE.INTERMEDIATE.MANIFEST
F:\WORKSPACE\PROJECTS\SDLEVENTS\SDLBASE\SDL_TUTORIAL\DEBUG\SPRITE.OBJ
F:\WORKSPACE\PROJECTS\SDLEVENTS\SDLBASE\SDL_TUTORIAL\DEBUG\VC100.PDB
