F:\WORKSPACE\PROJECTS\SDLBASE\DEBUG\SDLBASE.EXE
F:\WORKSPACE\PROJECTS\SDLBASE\DEBUG\SDLBASE.ILK
F:\WORKSPACE\PROJECTS\SDLBASE\DEBUG\SDLBASE.PDB
F:\WORKSPACE\PROJECTS\SDLBASE\SDL_TUTORIAL\DEBUG\PROCESS.OBJ
F:\WORKSPACE\PROJECTS\SDLBASE\SDL_TUTORIAL\DEBUG\SDLBASE.EXE.INTERMEDIATE.MANIFEST
F:\WORKSPACE\PROJECTS\SDLBASE\SDL_TUTORIAL\DEBUG\VC100.PDB
F:\Workspace\projects\SDLBase\SDLBase\Debug\SDLBase.exe
F:\Workspace\projects\SDLBase\SDLBase\Debug\SDLBase.ilk
F:\Workspace\projects\SDLBase\SDLBase\Debug\SDLBase.pdb
F:\Workspace\projects\SDLBase\SDLBase\SDL_Tutorial\Debug\cl.command.1.tlog
F:\Workspace\projects\SDLBase\SDLBase\SDL_Tutorial\Debug\CL.read.1.tlog
F:\Workspace\projects\SDLBase\SDLBase\SDL_Tutorial\Debug\CL.write.1.tlog
F:\Workspace\projects\SDLBase\SDLBase\SDL_Tutorial\Debug\link.command.1.tlog
F:\Workspace\projects\SDLBase\SDLBase\SDL_Tutorial\Debug\link.read.1.tlog
F:\Workspace\projects\SDLBase\SDLBase\SDL_Tutorial\Debug\link.write.1.tlog
F:\Workspace\projects\SDLBase\SDLBase\SDL_Tutorial\Debug\mt.command.1.tlog
F:\Workspace\projects\SDLBase\SDLBase\SDL_Tutorial\Debug\mt.read.1.tlog
F:\Workspace\projects\SDLBase\SDLBase\SDL_Tutorial\Debug\mt.write.1.tlog
F:\Workspace\projects\SDLBase\SDLBase\SDL_Tutorial\Debug\process.obj
F:\Workspace\projects\SDLBase\SDLBase\SDL_Tutorial\Debug\SDL_Tutorial.vcxprojResolveAssemblyReference.cache
F:\Workspace\projects\SDLBase\SDLBase\SDL_Tutorial\Debug\SDLBase.exe.intermediate.manifest
F:\Workspace\projects\SDLBase\SDLBase\SDL_Tutorial\Debug\SDLBase.write.1.tlog
F:\Workspace\projects\SDLBase\SDLBase\SDL_Tutorial\Debug\vc100.idb
F:\Workspace\projects\SDLBase\SDLBase\SDL_Tutorial\Debug\vc100.pdb
