F:\WORKSPACE\PROJECTS\SDLBASE\SDLBASE\DEBUG\SDLBASE.EXE
F:\WORKSPACE\PROJECTS\SDLBASE\SDLBASE\DEBUG\SDLBASE.ILK
F:\WORKSPACE\PROJECTS\SDLBASE\SDLBASE\DEBUG\SDLBASE.PDB
F:\WORKSPACE\PROJECTS\SDLBASE\SDLBASE\SDL_TUTORIAL\DEBUG\PROCESS.OBJ
F:\WORKSPACE\PROJECTS\SDLBASE\SDLBASE\SDL_TUTORIAL\DEBUG\SDLBASE.EXE.INTERMEDIATE.MANIFEST
F:\WORKSPACE\PROJECTS\SDLBASE\SDLBASE\SDL_TUTORIAL\DEBUG\VC100.PDB
F:\WORKSPACE\PROJECTS\SDLEXTLIBS\SDLBASE\DEBUG\SDLEXTLIBS.EXE
F:\WORKSPACE\PROJECTS\SDLEXTLIBS\SDLBASE\DEBUG\SDLEXTLIBS.ILK
F:\WORKSPACE\PROJECTS\SDLEXTLIBS\SDLBASE\DEBUG\SDLEXTLIBS.PDB
F:\Workspace\projects\SDLExtLibs\SDLBase\SDL_Tutorial\Debug\cl.command.1.tlog
F:\Workspace\projects\SDLExtLibs\SDLBase\SDL_Tutorial\Debug\CL.read.1.tlog
F:\Workspace\projects\SDLExtLibs\SDLBase\SDL_Tutorial\Debug\CL.write.1.tlog
F:\Workspace\projects\SDLExtLibs\SDLBase\SDL_Tutorial\Debug\link.command.1.tlog
F:\Workspace\projects\SDLExtLibs\SDLBase\SDL_Tutorial\Debug\link.read.1.tlog
F:\Workspace\projects\SDLExtLibs\SDLBase\SDL_Tutorial\Debug\link.write.1.tlog
F:\Workspace\projects\SDLExtLibs\SDLBase\SDL_Tutorial\Debug\mt.command.1.tlog
F:\Workspace\projects\SDLExtLibs\SDLBase\SDL_Tutorial\Debug\mt.read.1.tlog
F:\Workspace\projects\SDLExtLibs\SDLBase\SDL_Tutorial\Debug\mt.write.1.tlog
F:\WORKSPACE\PROJECTS\SDLEXTLIBS\SDLBASE\SDL_TUTORIAL\DEBUG\PROCESS.OBJ
F:\Workspace\projects\SDLExtLibs\SDLBase\SDL_Tutorial\Debug\SDLBase.exe.intermediate.manifest
F:\Workspace\projects\SDLExtLibs\SDLBase\SDL_Tutorial\Debug\SDLBase.write.1.tlog
F:\WORKSPACE\PROJECTS\SDLEXTLIBS\SDLBASE\SDL_TUTORIAL\DEBUG\SDLEXTLIBS.EXE.INTERMEDIATE.MANIFEST
F:\Workspace\projects\SDLExtLibs\SDLBase\SDL_Tutorial\Debug\SDLExtLibs.write.1.tlog
F:\Workspace\projects\SDLExtLibs\SDLBase\SDL_Tutorial\Debug\vc100.idb
F:\WORKSPACE\PROJECTS\SDLEXTLIBS\SDLBASE\SDL_TUTORIAL\DEBUG\VC100.PDB
