F:\WORKSPACE\PROJECTS\INVADERS\INVADERS\SOURCE\RELEASE\INVADERS.EXE
F:\WORKSPACE\PROJECTS\INVADERS\INVADERS\SOURCE\RELEASE\INVADERS.PDB
F:\Workspace\projects\INVADERS\INVADERS\source\SDL_Tutorial\Release\cl.command.1.tlog
F:\Workspace\projects\INVADERS\INVADERS\source\SDL_Tutorial\Release\CL.read.1.tlog
F:\Workspace\projects\INVADERS\INVADERS\source\SDL_Tutorial\Release\CL.write.1.tlog
F:\WORKSPACE\PROJECTS\INVADERS\INVADERS\SOURCE\SDL_TUTORIAL\RELEASE\COMMONTOOLS.OBJ
F:\WORKSPACE\PROJECTS\INVADERS\INVADERS\SOURCE\SDL_TUTORIAL\RELEASE\HELPMODE.OBJ
F:\WORKSPACE\PROJECTS\INVADERS\INVADERS\SOURCE\SDL_TUTORIAL\RELEASE\INVADERS.EXE.INTERMEDIATE.MANIFEST
F:\Workspace\projects\INVADERS\INVADERS\source\SDL_Tutorial\Release\INVADERS.write.1.tlog
F:\WORKSPACE\PROJECTS\INVADERS\INVADERS\SOURCE\SDL_TUTORIAL\RELEASE\LEVEL.OBJ
F:\Workspace\projects\INVADERS\INVADERS\source\SDL_Tutorial\Release\link.command.1.tlog
F:\Workspace\projects\INVADERS\INVADERS\source\SDL_Tutorial\Release\link.read.1.tlog
F:\Workspace\projects\INVADERS\INVADERS\source\SDL_Tutorial\Release\link.write.1.tlog
F:\WORKSPACE\PROJECTS\INVADERS\INVADERS\SOURCE\SDL_TUTORIAL\RELEASE\MENUMODE.OBJ
F:\Workspace\projects\INVADERS\INVADERS\source\SDL_Tutorial\Release\mt.command.1.tlog
F:\Workspace\projects\INVADERS\INVADERS\source\SDL_Tutorial\Release\mt.read.1.tlog
F:\Workspace\projects\INVADERS\INVADERS\source\SDL_Tutorial\Release\mt.write.1.tlog
F:\WORKSPACE\PROJECTS\INVADERS\INVADERS\SOURCE\SDL_TUTORIAL\RELEASE\PROCESS.OBJ
F:\WORKSPACE\PROJECTS\INVADERS\INVADERS\SOURCE\SDL_TUTORIAL\RELEASE\SPRITE.OBJ
F:\WORKSPACE\PROJECTS\INVADERS\INVADERS\SOURCE\SDL_TUTORIAL\RELEASE\VC100.PDB
