Build started 02-09-2014 7:43:40 AM.
     1>Project "C:\INVADERS\INVADERS\source\SDL_Tutorial\SDL_Tutorial.vcxproj" on node 2 (build target(s)).
     1>InitializeBuildStatus:
         Creating "Release\INVADERS.unsuccessfulbuild" because "AlwaysCreate" was specified.
       ClCompile:
         C:\Program Files (x86)\Microsoft Visual Studio 10.0\VC\bin\CL.exe /c /I"..\SDL2-2.0.3\include" /Zi /nologo /W3 /WX- /O2 /Oi /Oy- /GL /D _MBCS /Gm- /EHsc /MD /GS /Gy /fp:precise /Zc:wchar_t /Zc:forScope /Fo"Release\\" /Fd"Release\vc100.pdb" /Gd /TP /analyze- /errorReport:prompt CommonTools.cpp HelpMode.cpp Level.cpp MenuMode.cpp process.cpp Sprite.cpp
         CommonTools.cpp
         HelpMode.cpp
         Level.cpp
     1>Level.cpp(357): warning C4067: unexpected tokens following preprocessor directive - expected a newline
     1>Level.cpp(357): warning C4067: unexpected tokens following preprocessor directive - expected a newline
         MenuMode.cpp
         process.cpp
         Sprite.cpp
       Link:
         C:\Program Files (x86)\Microsoft Visual Studio 10.0\VC\bin\link.exe /ERRORREPORT:PROMPT /OUT:"C:\INVADERS\INVADERS\source\Release\INVADERS.exe" /NOLOGO /LIBPATH:"..\SDL2-2.0.3\lib\x86" SDL2.lib SDL2main.lib SDL2_image.lib SDL2_mixer.lib SDL2_ttf.lib /MANIFEST /ManifestFile:"Release\INVADERS.exe.intermediate.manifest" /MANIFESTUAC:"level='asInvoker' uiAccess='false'" /DEBUG /PDB:"C:\INVADERS\INVADERS\source\Release\INVADERS.pdb" /SUBSYSTEM:WINDOWS /OPT:REF /OPT:ICF /LTCG /TLBID:1 /DYNAMICBASE /NXCOMPAT /IMPLIB:"C:\INVADERS\INVADERS\source\Release\INVADERS.lib" /MACHINE:X86 Release\CommonTools.obj
         Release\HelpMode.obj
         Release\Level.obj
         Release\MenuMode.obj
         Release\process.obj
         Release\Sprite.obj
         Generating code
         Finished generating code
         SDL_Tutorial.vcxproj -> C:\INVADERS\INVADERS\source\Release\INVADERS.exe
       Manifest:
         C:\Program Files (x86)\Microsoft SDKs\Windows\v7.0A\bin\mt.exe /nologo /verbose /outputresource:"C:\INVADERS\INVADERS\source\Release\INVADERS.exe;#1" /manifest Release\INVADERS.exe.intermediate.manifest
       FinalizeBuildStatus:
         Deleting file "Release\INVADERS.unsuccessfulbuild".
         Touching "Release\INVADERS.lastbuildstate".
     1>Done Building Project "C:\INVADERS\INVADERS\source\SDL_Tutorial\SDL_Tutorial.vcxproj" (build target(s)).

Build succeeded.

Time Elapsed 00:00:03.24
